0 info it worked if it ends with ok
1 verbose cli [ '/usr/bin/node', '/usr/bin/npm', 'i' ]
2 info using npm@3.5.2
3 info using node@v8.10.0
4 silly loadCurrentTree Starting
5 silly install loadCurrentTree
6 silly install readLocalPackageData
7 silly install normalizeTree
8 silly loadCurrentTree Finishing
9 silly loadIdealTree Starting
10 silly install loadIdealTree
11 silly cloneCurrentTree Starting
12 silly install cloneCurrentTreeToIdealTree
13 silly cloneCurrentTree Finishing
14 silly loadShrinkwrap Starting
15 silly install loadShrinkwrap
16 silly loadShrinkwrap Finishing
17 silly loadAllDepsIntoIdealTree Starting
18 silly install loadAllDepsIntoIdealTree
19 silly fetchNamedPackageData @google-cloud/firestore
20 silly mapToRegistry name @google-cloud/firestore
21 silly mapToRegistry scope (from package name) @google-cloud
22 verbose mapToRegistry no registry URL found in name for scope @google-cloud
23 silly mapToRegistry using default registry
24 silly mapToRegistry registry https://registry.npmjs.org/
25 silly mapToRegistry uri https://registry.npmjs.org/@google-cloud%2ffirestore
26 silly fetchNamedPackageData body-parser
27 silly mapToRegistry name body-parser
28 silly mapToRegistry using default registry
29 silly mapToRegistry registry https://registry.npmjs.org/
30 silly mapToRegistry uri https://registry.npmjs.org/body-parser
31 silly fetchNamedPackageData express
32 silly mapToRegistry name express
33 silly mapToRegistry using default registry
34 silly mapToRegistry registry https://registry.npmjs.org/
35 silly mapToRegistry uri https://registry.npmjs.org/express
36 silly fetchNamedPackageData morgan
37 silly mapToRegistry name morgan
38 silly mapToRegistry using default registry
39 silly mapToRegistry registry https://registry.npmjs.org/
40 silly mapToRegistry uri https://registry.npmjs.org/morgan
41 verbose request uri https://registry.npmjs.org/@google-cloud%2ffirestore
42 verbose request no auth needed
43 info attempt registry request try #1 at 9:27:24 PM
44 verbose request id cb0a96f27ed7147a
45 verbose etag W/"8d924c631e58c45cb420df1b410d894f"
46 verbose lastModified Wed, 22 Jan 2020 23:58:21 GMT
47 http request GET https://registry.npmjs.org/@google-cloud%2ffirestore
48 verbose request uri https://registry.npmjs.org/body-parser
49 verbose request no auth needed
50 info attempt registry request try #1 at 9:27:24 PM
51 verbose etag W/"69165633b8917311c8a5b29b5aa3a438"
52 verbose lastModified Fri, 29 Nov 2019 09:32:45 GMT
53 http request GET https://registry.npmjs.org/body-parser
54 verbose request uri https://registry.npmjs.org/morgan
55 verbose request no auth needed
56 info attempt registry request try #1 at 9:27:24 PM
57 verbose etag W/"8290b4009a289be0ada3401151018d1f"
58 verbose lastModified Fri, 29 Nov 2019 09:32:44 GMT
59 http request GET https://registry.npmjs.org/morgan
60 verbose request uri https://registry.npmjs.org/express
61 verbose request no auth needed
62 info attempt registry request try #1 at 9:27:24 PM
63 verbose etag W/"72f8ffb551c782b44a301010ef5f4f7e"
64 verbose lastModified Tue, 14 Jan 2020 20:17:40 GMT
65 http request GET https://registry.npmjs.org/express
66 http 304 https://registry.npmjs.org/morgan
67 verbose headers { date: 'Sun, 26 Jan 2020 05:27:24 GMT',
67 verbose headers   connection: 'keep-alive',
67 verbose headers   'set-cookie':
67 verbose headers    [ '__cfduid=d69fabb65f2bcabef09c2765d7e60fafb1580016444; expires=Tue, 25-Feb-20 05:27:24 GMT; path=/; domain=.npmjs.org; HttpOnly; SameSite=Lax' ],
67 verbose headers   'cf-ray': '55b013d9cd3fe4d9-LAX',
67 verbose headers   age: '6048',
67 verbose headers   'cache-control': 'public, max-age=300',
67 verbose headers   etag: '"8290b4009a289be0ada3401151018d1f"',
67 verbose headers   'last-modified': 'Fri, 29 Nov 2019 09:32:44 GMT',
67 verbose headers   vary: 'Accept-Encoding',
67 verbose headers   'cf-cache-status': 'HIT',
67 verbose headers   'expect-ct': 'max-age=604800, report-uri="https://report-uri.cloudflare.com/cdn-cgi/beacon/expect-ct"',
67 verbose headers   server: 'cloudflare' }
68 silly get cb [ 304,
68 silly get   { date: 'Sun, 26 Jan 2020 05:27:24 GMT',
68 silly get     connection: 'keep-alive',
68 silly get     'set-cookie':
68 silly get      [ '__cfduid=d69fabb65f2bcabef09c2765d7e60fafb1580016444; expires=Tue, 25-Feb-20 05:27:24 GMT; path=/; domain=.npmjs.org; HttpOnly; SameSite=Lax' ],
68 silly get     'cf-ray': '55b013d9cd3fe4d9-LAX',
68 silly get     age: '6048',
68 silly get     'cache-control': 'public, max-age=300',
68 silly get     etag: '"8290b4009a289be0ada3401151018d1f"',
68 silly get     'last-modified': 'Fri, 29 Nov 2019 09:32:44 GMT',
68 silly get     vary: 'Accept-Encoding',
68 silly get     'cf-cache-status': 'HIT',
68 silly get     'expect-ct': 'max-age=604800, report-uri="https://report-uri.cloudflare.com/cdn-cgi/beacon/expect-ct"',
68 silly get     server: 'cloudflare' } ]
69 verbose etag https://registry.npmjs.org/morgan from cache
70 verbose get saving morgan to /home/dvnc/.npmrc/registry.npmjs.org/morgan/.cache.json
71 silly resolveWithNewModule morgan@1.9.1 checking installable status
72 silly cache add args [ 'morgan@^1.9.1', null ]
73 verbose cache add spec morgan@^1.9.1
74 silly cache add parsed spec Result {
74 silly cache add   raw: 'morgan@^1.9.1',
74 silly cache add   scope: null,
74 silly cache add   name: 'morgan',
74 silly cache add   rawSpec: '^1.9.1',
74 silly cache add   spec: '>=1.9.1 <2.0.0',
74 silly cache add   type: 'range' }
75 silly addNamed morgan@>=1.9.1 <2.0.0
76 verbose addNamed ">=1.9.1 <2.0.0" is a valid semver range for morgan
77 silly addNameRange { name: 'morgan', range: '>=1.9.1 <2.0.0', hasData: false }
78 silly mapToRegistry name morgan
79 silly mapToRegistry using default registry
80 silly mapToRegistry registry https://registry.npmjs.org/
81 silly mapToRegistry uri https://registry.npmjs.org/morgan
82 verbose addNameRange registry:https://registry.npmjs.org/morgan not in flight; fetching
83 http 304 https://registry.npmjs.org/express
84 verbose headers { date: 'Sun, 26 Jan 2020 05:27:24 GMT',
84 verbose headers   connection: 'keep-alive',
84 verbose headers   'set-cookie':
84 verbose headers    [ '__cfduid=dad68b2c98e1826f5534f72830e794a091580016444; expires=Tue, 25-Feb-20 05:27:24 GMT; path=/; domain=.npmjs.org; HttpOnly; SameSite=Lax' ],
84 verbose headers   'cf-ray': '55b013d9eb71993b-LAX',
84 verbose headers   age: '6359',
84 verbose headers   'cache-control': 'public, max-age=300',
84 verbose headers   etag: '"72f8ffb551c782b44a301010ef5f4f7e"',
84 verbose headers   'last-modified': 'Tue, 14 Jan 2020 20:17:40 GMT',
84 verbose headers   vary: 'Accept-Encoding',
84 verbose headers   'cf-cache-status': 'HIT',
84 verbose headers   'expect-ct': 'max-age=604800, report-uri="https://report-uri.cloudflare.com/cdn-cgi/beacon/expect-ct"',
84 verbose headers   server: 'cloudflare' }
85 silly get cb [ 304,
85 silly get   { date: 'Sun, 26 Jan 2020 05:27:24 GMT',
85 silly get     connection: 'keep-alive',
85 silly get     'set-cookie':
85 silly get      [ '__cfduid=dad68b2c98e1826f5534f72830e794a091580016444; expires=Tue, 25-Feb-20 05:27:24 GMT; path=/; domain=.npmjs.org; HttpOnly; SameSite=Lax' ],
85 silly get     'cf-ray': '55b013d9eb71993b-LAX',
85 silly get     age: '6359',
85 silly get     'cache-control': 'public, max-age=300',
85 silly get     etag: '"72f8ffb551c782b44a301010ef5f4f7e"',
85 silly get     'last-modified': 'Tue, 14 Jan 2020 20:17:40 GMT',
85 silly get     vary: 'Accept-Encoding',
85 silly get     'cf-cache-status': 'HIT',
85 silly get     'expect-ct': 'max-age=604800, report-uri="https://report-uri.cloudflare.com/cdn-cgi/beacon/expect-ct"',
85 silly get     server: 'cloudflare' } ]
86 verbose etag https://registry.npmjs.org/express from cache
87 verbose get saving express to /home/dvnc/.npmrc/registry.npmjs.org/express/.cache.json
88 http 304 https://registry.npmjs.org/body-parser
89 verbose headers { date: 'Sun, 26 Jan 2020 05:27:24 GMT',
89 verbose headers   connection: 'keep-alive',
89 verbose headers   'set-cookie':
89 verbose headers    [ '__cfduid=d0379031b887dca129691651a0b371eb91580016444; expires=Tue, 25-Feb-20 05:27:24 GMT; path=/; domain=.npmjs.org; HttpOnly; SameSite=Lax' ],
89 verbose headers   'cf-ray': '55b013da0928eabb-LAX',
89 verbose headers   age: '6408',
89 verbose headers   'cache-control': 'public, max-age=300',
89 verbose headers   etag: '"69165633b8917311c8a5b29b5aa3a438"',
89 verbose headers   'last-modified': 'Fri, 29 Nov 2019 09:32:45 GMT',
89 verbose headers   vary: 'Accept-Encoding',
89 verbose headers   'cf-cache-status': 'HIT',
89 verbose headers   'expect-ct': 'max-age=604800, report-uri="https://report-uri.cloudflare.com/cdn-cgi/beacon/expect-ct"',
89 verbose headers   server: 'cloudflare' }
90 silly get cb [ 304,
90 silly get   { date: 'Sun, 26 Jan 2020 05:27:24 GMT',
90 silly get     connection: 'keep-alive',
90 silly get     'set-cookie':
90 silly get      [ '__cfduid=d0379031b887dca129691651a0b371eb91580016444; expires=Tue, 25-Feb-20 05:27:24 GMT; path=/; domain=.npmjs.org; HttpOnly; SameSite=Lax' ],
90 silly get     'cf-ray': '55b013da0928eabb-LAX',
90 silly get     age: '6408',
90 silly get     'cache-control': 'public, max-age=300',
90 silly get     etag: '"69165633b8917311c8a5b29b5aa3a438"',
90 silly get     'last-modified': 'Fri, 29 Nov 2019 09:32:45 GMT',
90 silly get     vary: 'Accept-Encoding',
90 silly get     'cf-cache-status': 'HIT',
90 silly get     'expect-ct': 'max-age=604800, report-uri="https://report-uri.cloudflare.com/cdn-cgi/beacon/expect-ct"',
90 silly get     server: 'cloudflare' } ]
91 verbose etag https://registry.npmjs.org/body-parser from cache
92 verbose get saving body-parser to /home/dvnc/.npmrc/registry.npmjs.org/body-parser/.cache.json
93 verbose get https://registry.npmjs.org/morgan not expired, no request
94 silly addNameRange number 2 { name: 'morgan', range: '>=1.9.1 <2.0.0', hasData: true }
95 silly addNameRange versions [ 'morgan',
95 silly addNameRange   [ '1.0.0',
95 silly addNameRange     '1.0.1',
95 silly addNameRange     '1.1.0',
95 silly addNameRange     '1.1.1',
95 silly addNameRange     '1.2.0',
95 silly addNameRange     '1.2.1',
95 silly addNameRange     '1.2.2',
95 silly addNameRange     '1.2.3',
95 silly addNameRange     '1.3.0',
95 silly addNameRange     '1.3.1',
95 silly addNameRange     '1.3.2',
95 silly addNameRange     '1.4.0',
95 silly addNameRange     '1.4.1',
95 silly addNameRange     '1.5.0',
95 silly addNameRange     '1.5.1',
95 silly addNameRange     '1.5.2',
95 silly addNameRange     '1.5.3',
95 silly addNameRange     '1.6.0',
95 silly addNameRange     '1.6.1',
95 silly addNameRange     '1.7.0',
95 silly addNameRange     '1.8.0',
95 silly addNameRange     '1.8.1',
95 silly addNameRange     '1.8.2',
95 silly addNameRange     '1.9.0',
95 silly addNameRange     '1.9.1' ] ]
96 silly addNamed morgan@1.9.1
97 verbose addNamed "1.9.1" is a plain semver version for morgan
98 silly cache afterAdd morgan@1.9.1
99 verbose afterAdd /home/dvnc/.npmrc/morgan/1.9.1/package/package.json not in flight; writing
100 silly resolveWithNewModule body-parser@1.19.0 checking installable status
101 silly cache add args [ 'body-parser@^1.19.0', null ]
102 verbose cache add spec body-parser@^1.19.0
103 silly cache add parsed spec Result {
103 silly cache add   raw: 'body-parser@^1.19.0',
103 silly cache add   scope: null,
103 silly cache add   name: 'body-parser',
103 silly cache add   rawSpec: '^1.19.0',
103 silly cache add   spec: '>=1.19.0 <2.0.0',
103 silly cache add   type: 'range' }
104 silly addNamed body-parser@>=1.19.0 <2.0.0
105 verbose addNamed ">=1.19.0 <2.0.0" is a valid semver range for body-parser
106 silly addNameRange { name: 'body-parser', range: '>=1.19.0 <2.0.0', hasData: false }
107 silly mapToRegistry name body-parser
108 silly mapToRegistry using default registry
109 silly mapToRegistry registry https://registry.npmjs.org/
110 silly mapToRegistry uri https://registry.npmjs.org/body-parser
111 verbose addNameRange registry:https://registry.npmjs.org/body-parser not in flight; fetching
112 silly resolveWithNewModule express@4.17.1 checking installable status
113 silly cache add args [ 'express@^4.17.1', null ]
114 verbose cache add spec express@^4.17.1
115 silly cache add parsed spec Result {
115 silly cache add   raw: 'express@^4.17.1',
115 silly cache add   scope: null,
115 silly cache add   name: 'express',
115 silly cache add   rawSpec: '^4.17.1',
115 silly cache add   spec: '>=4.17.1 <5.0.0',
115 silly cache add   type: 'range' }
116 silly addNamed express@>=4.17.1 <5.0.0
117 verbose addNamed ">=4.17.1 <5.0.0" is a valid semver range for express
118 silly addNameRange { name: 'express', range: '>=4.17.1 <5.0.0', hasData: false }
119 silly mapToRegistry name express
120 silly mapToRegistry using default registry
121 silly mapToRegistry registry https://registry.npmjs.org/
122 silly mapToRegistry uri https://registry.npmjs.org/express
123 verbose addNameRange registry:https://registry.npmjs.org/express not in flight; fetching
124 verbose afterAdd /home/dvnc/.npmrc/morgan/1.9.1/package/package.json written
125 verbose get https://registry.npmjs.org/body-parser not expired, no request
126 silly addNameRange number 2 { name: 'body-parser', range: '>=1.19.0 <2.0.0', hasData: true }
127 silly addNameRange versions [ 'body-parser',
127 silly addNameRange   [ '1.0.0',
127 silly addNameRange     '1.0.1',
127 silly addNameRange     '1.0.2',
127 silly addNameRange     '1.1.0',
127 silly addNameRange     '1.1.1',
127 silly addNameRange     '1.1.2',
127 silly addNameRange     '1.2.0',
127 silly addNameRange     '1.2.1',
127 silly addNameRange     '1.2.2',
127 silly addNameRange     '1.3.0',
127 silly addNameRange     '1.3.1',
127 silly addNameRange     '1.4.0',
127 silly addNameRange     '1.4.1',
127 silly addNameRange     '1.4.2',
127 silly addNameRange     '1.4.3',
127 silly addNameRange     '1.5.0',
127 silly addNameRange     '1.5.1',
127 silly addNameRange     '1.5.2',
127 silly addNameRange     '1.6.0',
127 silly addNameRange     '1.6.1',
127 silly addNameRange     '1.6.2',
127 silly addNameRange     '1.6.3',
127 silly addNameRange     '1.6.4',
127 silly addNameRange     '1.6.5',
127 silly addNameRange     '1.6.6',
127 silly addNameRange     '1.6.7',
127 silly addNameRange     '1.7.0',
127 silly addNameRange     '1.8.0',
127 silly addNameRange     '1.8.1',
127 silly addNameRange     '1.8.2',
127 silly addNameRange     '1.8.3',
127 silly addNameRange     '1.8.4',
127 silly addNameRange     '1.9.0',
127 silly addNameRange     '1.9.1',
127 silly addNameRange     '1.9.2',
127 silly addNameRange     '1.9.3',
127 silly addNameRange     '1.10.0',
127 silly addNameRange     '1.10.1',
127 silly addNameRange     '1.10.2',
127 silly addNameRange     '1.11.0',
127 silly addNameRange     '1.12.0',
127 silly addNameRange     '1.12.1',
127 silly addNameRange     '1.12.2',
127 silly addNameRange     '1.12.3',
127 silly addNameRange     '1.12.4',
127 silly addNameRange     '1.13.0',
127 silly addNameRange     '1.13.1',
127 silly addNameRange     '1.13.2',
127 silly addNameRange     '1.13.3',
127 silly addNameRange     '1.14.0',
127 silly addNameRange     '1.14.1',
127 silly addNameRange     '1.14.2',
127 silly addNameRange     '1.15.0',
127 silly addNameRange     '1.15.1',
127 silly addNameRange     '1.15.2',
127 silly addNameRange     '1.16.0',
127 silly addNameRange     '1.16.1',
127 silly addNameRange     '1.17.0',
127 silly addNameRange     '1.17.1',
127 silly addNameRange     '1.17.2',
127 silly addNameRange     '1.18.0',
127 silly addNameRange     '1.18.1',
127 silly addNameRange     '1.18.2',
127 silly addNameRange     '1.18.3',
127 silly addNameRange     '1.19.0' ] ]
128 silly addNamed body-parser@1.19.0
129 verbose addNamed "1.19.0" is a plain semver version for body-parser
130 verbose get https://registry.npmjs.org/express not expired, no request
131 silly addNameRange number 2 { name: 'express', range: '>=4.17.1 <5.0.0', hasData: true }
132 silly addNameRange versions [ 'express',
132 silly addNameRange   [ '0.14.0',
132 silly addNameRange     '0.14.1',
132 silly addNameRange     '1.0.0',
132 silly addNameRange     '1.0.1',
132 silly addNameRange     '1.0.2',
132 silly addNameRange     '1.0.3',
132 silly addNameRange     '1.0.4',
132 silly addNameRange     '1.0.5',
132 silly addNameRange     '1.0.6',
132 silly addNameRange     '1.0.7',
132 silly addNameRange     '1.0.8',
132 silly addNameRange     '2.0.0',
132 silly addNameRange     '2.1.0',
132 silly addNameRange     '2.1.1',
132 silly addNameRange     '2.2.0',
132 silly addNameRange     '2.2.1',
132 silly addNameRange     '2.2.2',
132 silly addNameRange     '2.3.0',
132 silly addNameRange     '2.3.1',
132 silly addNameRange     '2.3.2',
132 silly addNameRange     '2.3.3',
132 silly addNameRange     '2.3.4',
132 silly addNameRange     '2.3.5',
132 silly addNameRange     '2.3.6',
132 silly addNameRange     '2.3.7',
132 silly addNameRange     '2.3.8',
132 silly addNameRange     '2.3.9',
132 silly addNameRange     '2.3.10',
132 silly addNameRange     '2.3.11',
132 silly addNameRange     '2.3.12',
132 silly addNameRange     '2.4.0',
132 silly addNameRange     '2.4.1',
132 silly addNameRange     '2.4.2',
132 silly addNameRange     '2.4.3',
132 silly addNameRange     '2.4.4',
132 silly addNameRange     '2.4.5',
132 silly addNameRange     '2.4.6',
132 silly addNameRange     '2.4.7',
132 silly addNameRange     '2.5.0',
132 silly addNameRange     '2.5.1',
132 silly addNameRange     '2.5.2',
132 silly addNameRange     '2.5.3',
132 silly addNameRange     '2.5.4',
132 silly addNameRange     '2.5.5',
132 silly addNameRange     '2.5.6',
132 silly addNameRange     '2.5.7',
132 silly addNameRange     '2.5.8',
132 silly addNameRange     '2.5.9',
132 silly addNameRange     '2.5.10',
132 silly addNameRange     '2.5.11',
132 silly addNameRange     '3.0.0',
132 silly addNameRange     '3.0.1',
132 silly addNameRange     '3.0.2',
132 silly addNameRange     '3.0.3',
132 silly addNameRange     '3.0.4',
132 silly addNameRange     '3.0.5',
132 silly addNameRange     '3.0.6',
132 silly addNameRange     '3.1.0',
132 silly addNameRange     '3.1.1',
132 silly addNameRange     '3.1.2',
132 silly addNameRange     '3.2.0',
132 silly addNameRange     '3.2.1',
132 silly addNameRange     '3.2.2',
132 silly addNameRange     '3.2.3',
132 silly addNameRange     '3.2.4',
132 silly addNameRange     '3.2.5',
132 silly addNameRange     '3.2.6',
132 silly addNameRange     '3.3.0',
132 silly addNameRange     '3.3.1',
132 silly addNameRange     '3.3.2',
132 silly addNameRange     '3.3.3',
132 silly addNameRange     '3.3.4',
132 silly addNameRange     '3.3.5',
132 silly addNameRange     '3.3.6',
132 silly addNameRange     '1.0.0-beta',
132 silly addNameRange     '1.0.0-beta2',
132 silly addNameRange     '1.0.0-rc',
132 silly addNameRange     '1.0.0-rc2',
132 silly addNameRange     '1.0.0-rc3',
132 silly addNameRange     '1.0.0-rc4',
132 silly addNameRange     '2.0.0-beta',
132 silly addNameRange     '2.0.0-beta2',
132 silly addNameRange     '2.0.0-beta3',
132 silly addNameRange     '2.0.0-rc',
132 silly addNameRange     '2.0.0-rc2',
132 silly addNameRange     '2.0.0-rc3',
132 silly addNameRange     '3.0.0-alpha1',
132 silly addNameRange     '3.0.0-alpha2',
132 silly addNameRange     '3.0.0-alpha3',
132 silly addNameRange     '3.0.0-alpha4',
132 silly addNameRange     '3.0.0-alpha5',
132 silly addNameRange     '3.0.0-beta1',
132 silly addNameRange     '3.0.0-beta2',
132 silly addNameRange     '3.0.0-beta3',
132 silly addNameRange     '3.0.0-beta4',
132 silly addNameRange     '3.0.0-beta6',
132 silly addNameRange     '3.0.0-beta7',
132 silly addNameRange     '3.0.0-rc1',
132 silly addNameRange     '3.0.0-rc2',
132 silly addNameRange     '3.0.0-rc3',
132 silly addNameRange     ... 163 more items ] ]
133 silly addNamed express@4.17.1
134 verbose addNamed "4.17.1" is a plain semver version for express
135 silly cache afterAdd body-parser@1.19.0
136 verbose afterAdd /home/dvnc/.npmrc/body-parser/1.19.0/package/package.json not in flight; writing
137 silly cache afterAdd express@4.17.1
138 verbose afterAdd /home/dvnc/.npmrc/express/4.17.1/package/package.json not in flight; writing
139 verbose afterAdd /home/dvnc/.npmrc/body-parser/1.19.0/package/package.json written
140 verbose afterAdd /home/dvnc/.npmrc/express/4.17.1/package/package.json written
141 http 304 https://registry.npmjs.org/@google-cloud%2ffirestore
142 verbose headers { date: 'Sun, 26 Jan 2020 05:27:24 GMT',
142 verbose headers   connection: 'keep-alive',
142 verbose headers   'set-cookie':
142 verbose headers    [ '__cfduid=d037ef6dca4b1c376827851d59f627e581580016444; expires=Tue, 25-Feb-20 05:27:24 GMT; path=/; domain=.npmjs.org; HttpOnly; SameSite=Lax' ],
142 verbose headers   'cf-ray': '55b013d9cdc976e0-LAX',
142 verbose headers   age: '0',
142 verbose headers   'cache-control': 'public, max-age=300',
142 verbose headers   etag: '"8d924c631e58c45cb420df1b410d894f"',
142 verbose headers   'last-modified': 'Wed, 22 Jan 2020 23:58:21 GMT',
142 verbose headers   vary: 'Accept-Encoding',
142 verbose headers   'cf-cache-status': 'HIT',
142 verbose headers   'expect-ct': 'max-age=604800, report-uri="https://report-uri.cloudflare.com/cdn-cgi/beacon/expect-ct"',
142 verbose headers   server: 'cloudflare' }
143 silly get cb [ 304,
143 silly get   { date: 'Sun, 26 Jan 2020 05:27:24 GMT',
143 silly get     connection: 'keep-alive',
143 silly get     'set-cookie':
143 silly get      [ '__cfduid=d037ef6dca4b1c376827851d59f627e581580016444; expires=Tue, 25-Feb-20 05:27:24 GMT; path=/; domain=.npmjs.org; HttpOnly; SameSite=Lax' ],
143 silly get     'cf-ray': '55b013d9cdc976e0-LAX',
143 silly get     age: '0',
143 silly get     'cache-control': 'public, max-age=300',
143 silly get     etag: '"8d924c631e58c45cb420df1b410d894f"',
143 silly get     'last-modified': 'Wed, 22 Jan 2020 23:58:21 GMT',
143 silly get     vary: 'Accept-Encoding',
143 silly get     'cf-cache-status': 'HIT',
143 silly get     'expect-ct': 'max-age=604800, report-uri="https://report-uri.cloudflare.com/cdn-cgi/beacon/expect-ct"',
143 silly get     server: 'cloudflare' } ]
144 verbose etag https://registry.npmjs.org/@google-cloud%2ffirestore from cache
145 verbose get saving @google-cloud/firestore to /home/dvnc/.npmrc/registry.npmjs.org/_40google-cloud_252ffirestore/.cache.json
146 silly resolveWithNewModule @google-cloud/firestore@3.4.1 checking installable status
147 silly cache add args [ '@google-cloud/firestore@^3.4.1', null ]
148 verbose cache add spec @google-cloud/firestore@^3.4.1
149 silly cache add parsed spec Result {
149 silly cache add   raw: '@google-cloud/firestore@^3.4.1',
149 silly cache add   scope: '@google-cloud',
149 silly cache add   name: '@google-cloud/firestore',
149 silly cache add   rawSpec: '^3.4.1',
149 silly cache add   spec: '>=3.4.1 <4.0.0',
149 silly cache add   type: 'range' }
150 silly addNamed @google-cloud/firestore@>=3.4.1 <4.0.0
151 verbose addNamed ">=3.4.1 <4.0.0" is a valid semver range for @google-cloud/firestore
152 silly addNameRange { name: '@google-cloud/firestore',
152 silly addNameRange   range: '>=3.4.1 <4.0.0',
152 silly addNameRange   hasData: false }
153 silly mapToRegistry name @google-cloud/firestore
154 silly mapToRegistry scope (from package name) @google-cloud
155 verbose mapToRegistry no registry URL found in name for scope @google-cloud
156 silly mapToRegistry using default registry
157 silly mapToRegistry registry https://registry.npmjs.org/
158 silly mapToRegistry uri https://registry.npmjs.org/@google-cloud%2ffirestore
159 verbose addNameRange registry:https://registry.npmjs.org/@google-cloud%2ffirestore not in flight; fetching
160 verbose get https://registry.npmjs.org/@google-cloud%2ffirestore not expired, no request
161 silly addNameRange number 2 { name: '@google-cloud/firestore',
161 silly addNameRange   range: '>=3.4.1 <4.0.0',
161 silly addNameRange   hasData: true }
162 silly addNameRange versions [ '@google-cloud/firestore',
162 silly addNameRange   [ '0.8.0',
162 silly addNameRange     '0.8.1',
162 silly addNameRange     '0.8.2',
162 silly addNameRange     '0.9.0',
162 silly addNameRange     '0.10.0',
162 silly addNameRange     '0.10.1',
162 silly addNameRange     '0.11.0',
162 silly addNameRange     '0.10.2',
162 silly addNameRange     '0.11.1',
162 silly addNameRange     '0.11.2',
162 silly addNameRange     '0.12.0',
162 silly addNameRange     '0.13.0',
162 silly addNameRange     '0.13.1',
162 silly addNameRange     '0.14.0',
162 silly addNameRange     '0.14.1',
162 silly addNameRange     '0.15.2',
162 silly addNameRange     '0.15.3',
162 silly addNameRange     '0.15.4',
162 silly addNameRange     '0.16.0',
162 silly addNameRange     '0.16.1',
162 silly addNameRange     '0.17.0',
162 silly addNameRange     '0.18.0',
162 silly addNameRange     '0.19.0',
162 silly addNameRange     '0.20.0',
162 silly addNameRange     '0.21.0',
162 silly addNameRange     '1.0.0',
162 silly addNameRange     '1.0.1',
162 silly addNameRange     '1.0.2',
162 silly addNameRange     '1.1.0',
162 silly addNameRange     '1.2.0',
162 silly addNameRange     '1.3.0',
162 silly addNameRange     '2.0.0',
162 silly addNameRange     '2.1.0',
162 silly addNameRange     '2.1.1',
162 silly addNameRange     '2.2.0',
162 silly addNameRange     '2.2.1',
162 silly addNameRange     '2.2.2',
162 silly addNameRange     '2.2.3',
162 silly addNameRange     '2.2.4',
162 silly addNameRange     '2.2.5',
162 silly addNameRange     '2.2.6',
162 silly addNameRange     '2.2.7',
162 silly addNameRange     '2.2.8',
162 silly addNameRange     '2.2.9',
162 silly addNameRange     '2.3.0',
162 silly addNameRange     '2.4.0',
162 silly addNameRange     '2.5.0',
162 silly addNameRange     '2.6.0',
162 silly addNameRange     '2.6.1',
162 silly addNameRange     '3.0.0',
162 silly addNameRange     '3.1.0',
162 silly addNameRange     '3.2.0',
162 silly addNameRange     '3.3.0',
162 silly addNameRange     '3.3.1',
162 silly addNameRange     '3.3.2',
162 silly addNameRange     '3.3.3',
162 silly addNameRange     '3.3.4',
162 silly addNameRange     '3.4.0',
162 silly addNameRange     '3.4.1' ] ]
163 silly addNamed @google-cloud/firestore@3.4.1
164 verbose addNamed "3.4.1" is a plain semver version for @google-cloud/firestore
165 silly cache afterAdd @google-cloud/firestore@3.4.1
166 verbose afterAdd /home/dvnc/.npmrc/@google-cloud/firestore/3.4.1/package/package.json not in flight; writing
167 verbose afterAdd /home/dvnc/.npmrc/@google-cloud/firestore/3.4.1/package/package.json written
168 silly fetchNamedPackageData deep-equal
169 silly mapToRegistry name deep-equal
170 silly mapToRegistry using default registry
171 silly mapToRegistry registry https://registry.npmjs.org/
172 silly mapToRegistry uri https://registry.npmjs.org/deep-equal
173 silly fetchNamedPackageData functional-red-black-tree
174 silly mapToRegistry name functional-red-black-tree
175 silly mapToRegistry using default registry
176 silly mapToRegistry registry https://registry.npmjs.org/
177 silly mapToRegistry uri https://registry.npmjs.org/functional-red-black-tree
178 silly fetchNamedPackageData google-gax
179 silly mapToRegistry name google-gax
180 silly mapToRegistry using default registry
181 silly mapToRegistry registry https://registry.npmjs.org/
182 silly mapToRegistry uri https://registry.npmjs.org/google-gax
183 silly fetchNamedPackageData readable-stream
184 silly mapToRegistry name readable-stream
185 silly mapToRegistry using default registry
186 silly mapToRegistry registry https://registry.npmjs.org/
187 silly mapToRegistry uri https://registry.npmjs.org/readable-stream
188 silly fetchNamedPackageData through2
189 silly mapToRegistry name through2
190 silly mapToRegistry using default registry
191 silly mapToRegistry registry https://registry.npmjs.org/
192 silly mapToRegistry uri https://registry.npmjs.org/through2
193 verbose request uri https://registry.npmjs.org/deep-equal
194 verbose request no auth needed
195 info attempt registry request try #1 at 9:27:24 PM
196 verbose etag W/"517dc4f05b31244228ea459b10515dcc"
197 verbose lastModified Mon, 16 Dec 2019 22:07:57 GMT
198 http request GET https://registry.npmjs.org/deep-equal
199 verbose request uri https://registry.npmjs.org/functional-red-black-tree
200 verbose request no auth needed
201 info attempt registry request try #1 at 9:27:24 PM
202 verbose etag W/"1d15451820d9896655d4bd775230f61e"
203 verbose lastModified Sun, 27 May 2018 01:21:45 GMT
204 http request GET https://registry.npmjs.org/functional-red-black-tree
205 verbose request uri https://registry.npmjs.org/google-gax
206 verbose request no auth needed
207 info attempt registry request try #1 at 9:27:24 PM
208 verbose etag W/"116202c9ce97aaba16c5d839e3afea4e"
209 verbose lastModified Thu, 02 Jan 2020 19:24:07 GMT
210 http request GET https://registry.npmjs.org/google-gax
211 verbose request uri https://registry.npmjs.org/through2
212 verbose request no auth needed
213 info attempt registry request try #1 at 9:27:24 PM
214 verbose etag W/"3c0cc4df44e893566a3a32f3a814d87d"
215 verbose lastModified Fri, 01 Mar 2019 00:53:16 GMT
216 http request GET https://registry.npmjs.org/through2
217 verbose request uri https://registry.npmjs.org/readable-stream
218 verbose request no auth needed
219 info attempt registry request try #1 at 9:27:24 PM
220 verbose etag W/"352205de143e1ab8fa7fe3bd587971c2"
221 verbose lastModified Fri, 17 Jan 2020 16:58:06 GMT
222 http request GET https://registry.npmjs.org/readable-stream
223 http 304 https://registry.npmjs.org/deep-equal
224 verbose headers { date: 'Sun, 26 Jan 2020 05:27:24 GMT',
224 verbose headers   connection: 'keep-alive',
224 verbose headers   'set-cookie':
224 verbose headers    [ '__cfduid=d69fabb65f2bcabef09c2765d7e60fafb1580016444; expires=Tue, 25-Feb-20 05:27:24 GMT; path=/; domain=.npmjs.org; HttpOnly; SameSite=Lax' ],
224 verbose headers   'cf-ray': '55b013db58b2e4d9-LAX',
224 verbose headers   age: '6426',
224 verbose headers   'cache-control': 'public, max-age=300',
224 verbose headers   etag: '"517dc4f05b31244228ea459b10515dcc"',
224 verbose headers   'last-modified': 'Mon, 16 Dec 2019 22:07:57 GMT',
224 verbose headers   vary: 'Accept-Encoding',
224 verbose headers   'cf-cache-status': 'HIT',
224 verbose headers   'expect-ct': 'max-age=604800, report-uri="https://report-uri.cloudflare.com/cdn-cgi/beacon/expect-ct"',
224 verbose headers   server: 'cloudflare' }
225 silly get cb [ 304,
225 silly get   { date: 'Sun, 26 Jan 2020 05:27:24 GMT',
225 silly get     connection: 'keep-alive',
225 silly get     'set-cookie':
225 silly get      [ '__cfduid=d69fabb65f2bcabef09c2765d7e60fafb1580016444; expires=Tue, 25-Feb-20 05:27:24 GMT; path=/; domain=.npmjs.org; HttpOnly; SameSite=Lax' ],
225 silly get     'cf-ray': '55b013db58b2e4d9-LAX',
225 silly get     age: '6426',
225 silly get     'cache-control': 'public, max-age=300',
225 silly get     etag: '"517dc4f05b31244228ea459b10515dcc"',
225 silly get     'last-modified': 'Mon, 16 Dec 2019 22:07:57 GMT',
225 silly get     vary: 'Accept-Encoding',
225 silly get     'cf-cache-status': 'HIT',
225 silly get     'expect-ct': 'max-age=604800, report-uri="https://report-uri.cloudflare.com/cdn-cgi/beacon/expect-ct"',
225 silly get     server: 'cloudflare' } ]
226 verbose etag https://registry.npmjs.org/deep-equal from cache
227 verbose get saving deep-equal to /home/dvnc/.npmrc/registry.npmjs.org/deep-equal/.cache.json
228 silly resolveWithNewModule deep-equal@2.0.1 checking installable status
229 silly cache add args [ 'deep-equal@^2.0.0', null ]
230 verbose cache add spec deep-equal@^2.0.0
231 silly cache add parsed spec Result {
231 silly cache add   raw: 'deep-equal@^2.0.0',
231 silly cache add   scope: null,
231 silly cache add   name: 'deep-equal',
231 silly cache add   rawSpec: '^2.0.0',
231 silly cache add   spec: '>=2.0.0 <3.0.0',
231 silly cache add   type: 'range' }
232 silly addNamed deep-equal@>=2.0.0 <3.0.0
233 verbose addNamed ">=2.0.0 <3.0.0" is a valid semver range for deep-equal
234 silly addNameRange { name: 'deep-equal', range: '>=2.0.0 <3.0.0', hasData: false }
235 silly mapToRegistry name deep-equal
236 silly mapToRegistry using default registry
237 silly mapToRegistry registry https://registry.npmjs.org/
238 silly mapToRegistry uri https://registry.npmjs.org/deep-equal
239 verbose addNameRange registry:https://registry.npmjs.org/deep-equal not in flight; fetching
240 http 304 https://registry.npmjs.org/functional-red-black-tree
241 verbose headers { date: 'Sun, 26 Jan 2020 05:27:24 GMT',
241 verbose headers   connection: 'keep-alive',
241 verbose headers   'set-cookie':
241 verbose headers    [ '__cfduid=dad68b2c98e1826f5534f72830e794a091580016444; expires=Tue, 25-Feb-20 05:27:24 GMT; path=/; domain=.npmjs.org; HttpOnly; SameSite=Lax' ],
241 verbose headers   'cf-ray': '55b013db5ca1993b-LAX',
241 verbose headers   age: '3757',
241 verbose headers   'cache-control': 'public, max-age=300',
241 verbose headers   etag: '"1d15451820d9896655d4bd775230f61e"',
241 verbose headers   'last-modified': 'Sun, 27 May 2018 01:21:45 GMT',
241 verbose headers   vary: 'Accept-Encoding',
241 verbose headers   'cf-cache-status': 'HIT',
241 verbose headers   'expect-ct': 'max-age=604800, report-uri="https://report-uri.cloudflare.com/cdn-cgi/beacon/expect-ct"',
241 verbose headers   server: 'cloudflare' }
242 silly get cb [ 304,
242 silly get   { date: 'Sun, 26 Jan 2020 05:27:24 GMT',
242 silly get     connection: 'keep-alive',
242 silly get     'set-cookie':
242 silly get      [ '__cfduid=dad68b2c98e1826f5534f72830e794a091580016444; expires=Tue, 25-Feb-20 05:27:24 GMT; path=/; domain=.npmjs.org; HttpOnly; SameSite=Lax' ],
242 silly get     'cf-ray': '55b013db5ca1993b-LAX',
242 silly get     age: '3757',
242 silly get     'cache-control': 'public, max-age=300',
242 silly get     etag: '"1d15451820d9896655d4bd775230f61e"',
242 silly get     'last-modified': 'Sun, 27 May 2018 01:21:45 GMT',
242 silly get     vary: 'Accept-Encoding',
242 silly get     'cf-cache-status': 'HIT',
242 silly get     'expect-ct': 'max-age=604800, report-uri="https://report-uri.cloudflare.com/cdn-cgi/beacon/expect-ct"',
242 silly get     server: 'cloudflare' } ]
243 verbose etag https://registry.npmjs.org/functional-red-black-tree from cache
244 verbose get saving functional-red-black-tree to /home/dvnc/.npmrc/registry.npmjs.org/functional-red-black-tree/.cache.json
245 verbose get https://registry.npmjs.org/deep-equal not expired, no request
246 silly addNameRange number 2 { name: 'deep-equal', range: '>=2.0.0 <3.0.0', hasData: true }
247 silly addNameRange versions [ 'deep-equal',
247 silly addNameRange   [ '0.0.0',
247 silly addNameRange     '0.1.0',
247 silly addNameRange     '0.1.1',
247 silly addNameRange     '0.1.2',
247 silly addNameRange     '0.2.0',
247 silly addNameRange     '0.2.1',
247 silly addNameRange     '0.2.2',
247 silly addNameRange     '1.0.0',
247 silly addNameRange     '1.0.1',
247 silly addNameRange     '1.1.0',
247 silly addNameRange     '1.1.1',
247 silly addNameRange     '2.0.1' ] ]
248 silly addNamed deep-equal@2.0.1
249 verbose addNamed "2.0.1" is a plain semver version for deep-equal
250 http 304 https://registry.npmjs.org/through2
251 verbose headers { date: 'Sun, 26 Jan 2020 05:27:24 GMT',
251 verbose headers   connection: 'keep-alive',
251 verbose headers   'set-cookie':
251 verbose headers    [ '__cfduid=d037ef6dca4b1c376827851d59f627e581580016444; expires=Tue, 25-Feb-20 05:27:24 GMT; path=/; domain=.npmjs.org; HttpOnly; SameSite=Lax' ],
251 verbose headers   'cf-ray': '55b013db6ea276e0-LAX',
251 verbose headers   age: '5625',
251 verbose headers   'cache-control': 'public, max-age=300',
251 verbose headers   etag: '"3c0cc4df44e893566a3a32f3a814d87d"',
251 verbose headers   'last-modified': 'Fri, 01 Mar 2019 00:53:16 GMT',
251 verbose headers   vary: 'Accept-Encoding',
251 verbose headers   'cf-cache-status': 'HIT',
251 verbose headers   'expect-ct': 'max-age=604800, report-uri="https://report-uri.cloudflare.com/cdn-cgi/beacon/expect-ct"',
251 verbose headers   server: 'cloudflare' }
252 silly get cb [ 304,
252 silly get   { date: 'Sun, 26 Jan 2020 05:27:24 GMT',
252 silly get     connection: 'keep-alive',
252 silly get     'set-cookie':
252 silly get      [ '__cfduid=d037ef6dca4b1c376827851d59f627e581580016444; expires=Tue, 25-Feb-20 05:27:24 GMT; path=/; domain=.npmjs.org; HttpOnly; SameSite=Lax' ],
252 silly get     'cf-ray': '55b013db6ea276e0-LAX',
252 silly get     age: '5625',
252 silly get     'cache-control': 'public, max-age=300',
252 silly get     etag: '"3c0cc4df44e893566a3a32f3a814d87d"',
252 silly get     'last-modified': 'Fri, 01 Mar 2019 00:53:16 GMT',
252 silly get     vary: 'Accept-Encoding',
252 silly get     'cf-cache-status': 'HIT',
252 silly get     'expect-ct': 'max-age=604800, report-uri="https://report-uri.cloudflare.com/cdn-cgi/beacon/expect-ct"',
252 silly get     server: 'cloudflare' } ]
253 verbose etag https://registry.npmjs.org/through2 from cache
254 verbose get saving through2 to /home/dvnc/.npmrc/registry.npmjs.org/through2/.cache.json
255 silly cache afterAdd deep-equal@2.0.1
256 verbose afterAdd /home/dvnc/.npmrc/deep-equal/2.0.1/package/package.json not in flight; writing
257 silly resolveWithNewModule functional-red-black-tree@1.0.1 checking installable status
258 silly cache add args [ 'functional-red-black-tree@^1.0.1', null ]
259 verbose cache add spec functional-red-black-tree@^1.0.1
260 silly cache add parsed spec Result {
260 silly cache add   raw: 'functional-red-black-tree@^1.0.1',
260 silly cache add   scope: null,
260 silly cache add   name: 'functional-red-black-tree',
260 silly cache add   rawSpec: '^1.0.1',
260 silly cache add   spec: '>=1.0.1 <2.0.0',
260 silly cache add   type: 'range' }
261 silly addNamed functional-red-black-tree@>=1.0.1 <2.0.0
262 verbose addNamed ">=1.0.1 <2.0.0" is a valid semver range for functional-red-black-tree
263 silly addNameRange { name: 'functional-red-black-tree',
263 silly addNameRange   range: '>=1.0.1 <2.0.0',
263 silly addNameRange   hasData: false }
264 silly mapToRegistry name functional-red-black-tree
265 silly mapToRegistry using default registry
266 silly mapToRegistry registry https://registry.npmjs.org/
267 silly mapToRegistry uri https://registry.npmjs.org/functional-red-black-tree
268 verbose addNameRange registry:https://registry.npmjs.org/functional-red-black-tree not in flight; fetching
269 verbose get https://registry.npmjs.org/functional-red-black-tree not expired, no request
270 silly addNameRange number 2 { name: 'functional-red-black-tree',
270 silly addNameRange   range: '>=1.0.1 <2.0.0',
270 silly addNameRange   hasData: true }
271 silly addNameRange versions [ 'functional-red-black-tree', [ '0.0.0', '1.0.0', '1.0.1' ] ]
272 silly addNamed functional-red-black-tree@1.0.1
273 verbose addNamed "1.0.1" is a plain semver version for functional-red-black-tree
274 verbose afterAdd /home/dvnc/.npmrc/deep-equal/2.0.1/package/package.json written
275 silly resolveWithNewModule through2@3.0.1 checking installable status
276 silly cache add args [ 'through2@^3.0.0', null ]
277 verbose cache add spec through2@^3.0.0
278 silly cache add parsed spec Result {
278 silly cache add   raw: 'through2@^3.0.0',
278 silly cache add   scope: null,
278 silly cache add   name: 'through2',
278 silly cache add   rawSpec: '^3.0.0',
278 silly cache add   spec: '>=3.0.0 <4.0.0',
278 silly cache add   type: 'range' }
279 silly addNamed through2@>=3.0.0 <4.0.0
280 verbose addNamed ">=3.0.0 <4.0.0" is a valid semver range for through2
281 silly addNameRange { name: 'through2', range: '>=3.0.0 <4.0.0', hasData: false }
282 silly mapToRegistry name through2
283 silly mapToRegistry using default registry
284 silly mapToRegistry registry https://registry.npmjs.org/
285 silly mapToRegistry uri https://registry.npmjs.org/through2
286 verbose addNameRange registry:https://registry.npmjs.org/through2 not in flight; fetching
287 silly cache afterAdd functional-red-black-tree@1.0.1
288 verbose afterAdd /home/dvnc/.npmrc/functional-red-black-tree/1.0.1/package/package.json not in flight; writing
289 verbose get https://registry.npmjs.org/through2 not expired, no request
290 silly addNameRange number 2 { name: 'through2', range: '>=3.0.0 <4.0.0', hasData: true }
291 silly addNameRange versions [ 'through2',
291 silly addNameRange   [ '0.0.0',
291 silly addNameRange     '0.0.1',
291 silly addNameRange     '0.0.2',
291 silly addNameRange     '0.0.3',
291 silly addNameRange     '0.0.4',
291 silly addNameRange     '0.0.5',
291 silly addNameRange     '0.1.0',
291 silly addNameRange     '0.2.0',
291 silly addNameRange     '0.2.1',
291 silly addNameRange     '0.2.2',
291 silly addNameRange     '0.2.3',
291 silly addNameRange     '0.3.0',
291 silly addNameRange     '0.4.0',
291 silly addNameRange     '0.4.1',
291 silly addNameRange     '1.0.0',
291 silly addNameRange     '0.4.2',
291 silly addNameRange     '0.5.0',
291 silly addNameRange     '0.5.1',
291 silly addNameRange     '0.6.0',
291 silly addNameRange     '1.1.0',
291 silly addNameRange     '0.6.1',
291 silly addNameRange     '1.1.1',
291 silly addNameRange     '0.6.2',
291 silly addNameRange     '0.6.3',
291 silly addNameRange     '0.6.4',
291 silly addNameRange     '0.6.5',
291 silly addNameRange     '2.0.0',
291 silly addNameRange     '2.0.1',
291 silly addNameRange     '2.0.2',
291 silly addNameRange     '2.0.3',
291 silly addNameRange     '2.0.4',
291 silly addNameRange     '2.0.5',
291 silly addNameRange     '3.0.0',
291 silly addNameRange     '3.0.1' ] ]
292 silly addNamed through2@3.0.1
293 verbose addNamed "3.0.1" is a plain semver version for through2
294 verbose afterAdd /home/dvnc/.npmrc/functional-red-black-tree/1.0.1/package/package.json written
295 http 304 https://registry.npmjs.org/google-gax
296 verbose headers { date: 'Sun, 26 Jan 2020 05:27:24 GMT',
296 verbose headers   connection: 'keep-alive',
296 verbose headers   'set-cookie':
296 verbose headers    [ '__cfduid=d0379031b887dca129691651a0b371eb91580016444; expires=Tue, 25-Feb-20 05:27:24 GMT; path=/; domain=.npmjs.org; HttpOnly; SameSite=Lax' ],
296 verbose headers   'cf-ray': '55b013db7c38eabb-LAX',
296 verbose headers   age: '7118',
296 verbose headers   'cache-control': 'public, max-age=300',
296 verbose headers   etag: '"116202c9ce97aaba16c5d839e3afea4e"',
296 verbose headers   'last-modified': 'Thu, 02 Jan 2020 19:24:07 GMT',
296 verbose headers   vary: 'Accept-Encoding',
296 verbose headers   'cf-cache-status': 'HIT',
296 verbose headers   'expect-ct': 'max-age=604800, report-uri="https://report-uri.cloudflare.com/cdn-cgi/beacon/expect-ct"',
296 verbose headers   server: 'cloudflare' }
297 silly get cb [ 304,
297 silly get   { date: 'Sun, 26 Jan 2020 05:27:24 GMT',
297 silly get     connection: 'keep-alive',
297 silly get     'set-cookie':
297 silly get      [ '__cfduid=d0379031b887dca129691651a0b371eb91580016444; expires=Tue, 25-Feb-20 05:27:24 GMT; path=/; domain=.npmjs.org; HttpOnly; SameSite=Lax' ],
297 silly get     'cf-ray': '55b013db7c38eabb-LAX',
297 silly get     age: '7118',
297 silly get     'cache-control': 'public, max-age=300',
297 silly get     etag: '"116202c9ce97aaba16c5d839e3afea4e"',
297 silly get     'last-modified': 'Thu, 02 Jan 2020 19:24:07 GMT',
297 silly get     vary: 'Accept-Encoding',
297 silly get     'cf-cache-status': 'HIT',
297 silly get     'expect-ct': 'max-age=604800, report-uri="https://report-uri.cloudflare.com/cdn-cgi/beacon/expect-ct"',
297 silly get     server: 'cloudflare' } ]
298 verbose etag https://registry.npmjs.org/google-gax from cache
299 verbose get saving google-gax to /home/dvnc/.npmrc/registry.npmjs.org/google-gax/.cache.json
300 silly cache afterAdd through2@3.0.1
301 verbose afterAdd /home/dvnc/.npmrc/through2/3.0.1/package/package.json not in flight; writing
302 verbose afterAdd /home/dvnc/.npmrc/through2/3.0.1/package/package.json written
303 silly resolveWithNewModule google-gax@1.13.0 checking installable status
304 silly cache add args [ 'google-gax@^1.13.0', null ]
305 verbose cache add spec google-gax@^1.13.0
306 silly cache add parsed spec Result {
306 silly cache add   raw: 'google-gax@^1.13.0',
306 silly cache add   scope: null,
306 silly cache add   name: 'google-gax',
306 silly cache add   rawSpec: '^1.13.0',
306 silly cache add   spec: '>=1.13.0 <2.0.0',
306 silly cache add   type: 'range' }
307 silly addNamed google-gax@>=1.13.0 <2.0.0
308 verbose addNamed ">=1.13.0 <2.0.0" is a valid semver range for google-gax
309 silly addNameRange { name: 'google-gax', range: '>=1.13.0 <2.0.0', hasData: false }
310 silly mapToRegistry name google-gax
311 silly mapToRegistry using default registry
312 silly mapToRegistry registry https://registry.npmjs.org/
313 silly mapToRegistry uri https://registry.npmjs.org/google-gax
314 verbose addNameRange registry:https://registry.npmjs.org/google-gax not in flight; fetching
315 verbose get https://registry.npmjs.org/google-gax not expired, no request
316 silly addNameRange number 2 { name: 'google-gax', range: '>=1.13.0 <2.0.0', hasData: true }
317 silly addNameRange versions [ 'google-gax',
317 silly addNameRange   [ '0.3.0',
317 silly addNameRange     '0.3.1',
317 silly addNameRange     '0.3.2',
317 silly addNameRange     '0.5.0',
317 silly addNameRange     '0.5.1',
317 silly addNameRange     '0.5.2',
317 silly addNameRange     '0.6.0',
317 silly addNameRange     '0.7.0',
317 silly addNameRange     '0.8.0',
317 silly addNameRange     '0.8.1',
317 silly addNameRange     '0.9.0',
317 silly addNameRange     '0.9.1',
317 silly addNameRange     '0.10.0',
317 silly addNameRange     '0.10.1',
317 silly addNameRange     '0.10.2',
317 silly addNameRange     '0.10.3',
317 silly addNameRange     '0.10.4',
317 silly addNameRange     '0.10.5',
317 silly addNameRange     '0.10.6',
317 silly addNameRange     '0.10.7',
317 silly addNameRange     '0.10.8',
317 silly addNameRange     '0.11.0',
317 silly addNameRange     '0.12.0',
317 silly addNameRange     '0.12.1',
317 silly addNameRange     '0.12.2',
317 silly addNameRange     '0.12.3',
317 silly addNameRange     '0.13.0',
317 silly addNameRange     '0.13.1',
317 silly addNameRange     '0.13.2',
317 silly addNameRange     '0.13.3',
317 silly addNameRange     '0.13.4',
317 silly addNameRange     '0.13.5',
317 silly addNameRange     '0.14.0',
317 silly addNameRange     '0.14.1',
317 silly addNameRange     '0.14.2',
317 silly addNameRange     '0.14.3',
317 silly addNameRange     '0.14.4',
317 silly addNameRange     '0.14.5',
317 silly addNameRange     '0.15.0',
317 silly addNameRange     '0.16.0',
317 silly addNameRange     '0.16.1',
317 silly addNameRange     '0.17.0',
317 silly addNameRange     '0.17.1',
317 silly addNameRange     '0.18.0',
317 silly addNameRange     '0.19.0',
317 silly addNameRange     '0.20.0',
317 silly addNameRange     '0.21.0',
317 silly addNameRange     '0.22.0',
317 silly addNameRange     '0.22.1',
317 silly addNameRange     '0.23.0',
317 silly addNameRange     '0.24.0',
317 silly addNameRange     '0.25.0',
317 silly addNameRange     '0.25.1',
317 silly addNameRange     '0.25.2',
317 silly addNameRange     '0.25.3',
317 silly addNameRange     '0.25.4',
317 silly addNameRange     '0.25.5',
317 silly addNameRange     '0.25.6',
317 silly addNameRange     '0.26.0',
317 silly addNameRange     '1.0.0',
317 silly addNameRange     '1.1.0',
317 silly addNameRange     '1.1.1',
317 silly addNameRange     '1.1.2',
317 silly addNameRange     '1.1.3',
317 silly addNameRange     '1.1.4',
317 silly addNameRange     '1.1.5',
317 silly addNameRange     '1.2.0',
317 silly addNameRange     '1.2.1',
317 silly addNameRange     '1.3.0',
317 silly addNameRange     '1.4.0',
317 silly addNameRange     '1.5.0',
317 silly addNameRange     '1.5.1',
317 silly addNameRange     '1.5.2',
317 silly addNameRange     '1.6.0',
317 silly addNameRange     '1.6.1',
317 silly addNameRange     '1.6.2',
317 silly addNameRange     '1.6.3',
317 silly addNameRange     '1.6.4',
317 silly addNameRange     '1.7.0',
317 silly addNameRange     '1.7.1',
317 silly addNameRange     '1.7.2',
317 silly addNameRange     '1.7.3',
317 silly addNameRange     '1.7.4',
317 silly addNameRange     '1.7.5',
317 silly addNameRange     '1.8.0',
317 silly addNameRange     '1.8.1-pre',
317 silly addNameRange     '1.9.0',
317 silly addNameRange     '1.9.1',
317 silly addNameRange     '1.10.0',
317 silly addNameRange     '1.11.0',
317 silly addNameRange     '1.11.1',
317 silly addNameRange     '1.11.2-pre',
317 silly addNameRange     '1.11.2',
317 silly addNameRange     '1.12.0',
317 silly addNameRange     '1.13.0' ] ]
318 silly addNamed google-gax@1.13.0
319 verbose addNamed "1.13.0" is a plain semver version for google-gax
320 http 304 https://registry.npmjs.org/readable-stream
321 verbose headers { date: 'Sun, 26 Jan 2020 05:27:24 GMT',
321 verbose headers   connection: 'keep-alive',
321 verbose headers   'set-cookie':
321 verbose headers    [ '__cfduid=d5101256c8dd641e7d16df4facac449151580016444; expires=Tue, 25-Feb-20 05:27:24 GMT; path=/; domain=.npmjs.org; HttpOnly; SameSite=Lax' ],
321 verbose headers   'cf-ray': '55b013db9bdeeef6-LAX',
321 verbose headers   age: '2262',
321 verbose headers   'cache-control': 'public, max-age=300',
321 verbose headers   etag: '"352205de143e1ab8fa7fe3bd587971c2"',
321 verbose headers   'last-modified': 'Fri, 17 Jan 2020 16:58:06 GMT',
321 verbose headers   vary: 'Accept-Encoding',
321 verbose headers   'cf-cache-status': 'HIT',
321 verbose headers   'expect-ct': 'max-age=604800, report-uri="https://report-uri.cloudflare.com/cdn-cgi/beacon/expect-ct"',
321 verbose headers   server: 'cloudflare' }
322 silly get cb [ 304,
322 silly get   { date: 'Sun, 26 Jan 2020 05:27:24 GMT',
322 silly get     connection: 'keep-alive',
322 silly get     'set-cookie':
322 silly get      [ '__cfduid=d5101256c8dd641e7d16df4facac449151580016444; expires=Tue, 25-Feb-20 05:27:24 GMT; path=/; domain=.npmjs.org; HttpOnly; SameSite=Lax' ],
322 silly get     'cf-ray': '55b013db9bdeeef6-LAX',
322 silly get     age: '2262',
322 silly get     'cache-control': 'public, max-age=300',
322 silly get     etag: '"352205de143e1ab8fa7fe3bd587971c2"',
322 silly get     'last-modified': 'Fri, 17 Jan 2020 16:58:06 GMT',
322 silly get     vary: 'Accept-Encoding',
322 silly get     'cf-cache-status': 'HIT',
322 silly get     'expect-ct': 'max-age=604800, report-uri="https://report-uri.cloudflare.com/cdn-cgi/beacon/expect-ct"',
322 silly get     server: 'cloudflare' } ]
323 verbose etag https://registry.npmjs.org/readable-stream from cache
324 verbose get saving readable-stream to /home/dvnc/.npmrc/registry.npmjs.org/readable-stream/.cache.json
325 silly cache afterAdd google-gax@1.13.0
326 verbose afterAdd /home/dvnc/.npmrc/google-gax/1.13.0/package/package.json not in flight; writing
327 silly resolveWithNewModule readable-stream@3.5.0 checking installable status
328 silly cache add args [ 'readable-stream@^3.4.0', null ]
329 verbose cache add spec readable-stream@^3.4.0
330 silly cache add parsed spec Result {
330 silly cache add   raw: 'readable-stream@^3.4.0',
330 silly cache add   scope: null,
330 silly cache add   name: 'readable-stream',
330 silly cache add   rawSpec: '^3.4.0',
330 silly cache add   spec: '>=3.4.0 <4.0.0',
330 silly cache add   type: 'range' }
331 silly addNamed readable-stream@>=3.4.0 <4.0.0
332 verbose addNamed ">=3.4.0 <4.0.0" is a valid semver range for readable-stream
333 silly addNameRange { name: 'readable-stream',
333 silly addNameRange   range: '>=3.4.0 <4.0.0',
333 silly addNameRange   hasData: false }
334 silly mapToRegistry name readable-stream
335 silly mapToRegistry using default registry
336 silly mapToRegistry registry https://registry.npmjs.org/
337 silly mapToRegistry uri https://registry.npmjs.org/readable-stream
338 verbose addNameRange registry:https://registry.npmjs.org/readable-stream not in flight; fetching
339 verbose afterAdd /home/dvnc/.npmrc/google-gax/1.13.0/package/package.json written
340 verbose get https://registry.npmjs.org/readable-stream not expired, no request
341 silly addNameRange number 2 { name: 'readable-stream',
341 silly addNameRange   range: '>=3.4.0 <4.0.0',
341 silly addNameRange   hasData: true }
342 silly addNameRange versions [ 'readable-stream',
342 silly addNameRange   [ '0.0.1',
342 silly addNameRange     '0.0.2',
342 silly addNameRange     '0.0.3',
342 silly addNameRange     '0.0.4',
342 silly addNameRange     '0.1.0',
342 silly addNameRange     '0.2.0',
342 silly addNameRange     '0.3.0',
342 silly addNameRange     '0.3.1',
342 silly addNameRange     '1.0.0',
342 silly addNameRange     '1.0.1',
342 silly addNameRange     '1.0.2',
342 silly addNameRange     '1.0.15',
342 silly addNameRange     '1.0.17',
342 silly addNameRange     '1.1.7',
342 silly addNameRange     '1.1.8',
342 silly addNameRange     '1.1.9',
342 silly addNameRange     '1.0.24',
342 silly addNameRange     '1.0.25',
342 silly addNameRange     '1.1.10',
342 silly addNameRange     '1.0.25-1',
342 silly addNameRange     '1.1.11',
342 silly addNameRange     '1.0.26',
342 silly addNameRange     '1.0.26-1',
342 silly addNameRange     '1.1.11-1',
342 silly addNameRange     '1.0.26-2',
342 silly addNameRange     '1.1.12',
342 silly addNameRange     '1.0.26-3',
342 silly addNameRange     '1.0.26-4',
342 silly addNameRange     '1.1.12-1',
342 silly addNameRange     '1.0.27-1',
342 silly addNameRange     '1.1.13-1',
342 silly addNameRange     '1.0.31',
342 silly addNameRange     '1.1.13',
342 silly addNameRange     '1.0.32',
342 silly addNameRange     '1.0.32-1',
342 silly addNameRange     '1.0.33-1',
342 silly addNameRange     '1.0.33-2',
342 silly addNameRange     '1.0.33',
342 silly addNameRange     '2.0.0',
342 silly addNameRange     '2.0.1',
342 silly addNameRange     '2.0.2',
342 silly addNameRange     '2.0.3',
342 silly addNameRange     '2.0.4',
342 silly addNameRange     '2.0.5',
342 silly addNameRange     '2.0.6',
342 silly addNameRange     '1.0.34',
342 silly addNameRange     '1.1.14',
342 silly addNameRange     '2.1.0',
342 silly addNameRange     '2.1.1',
342 silly addNameRange     '2.1.2',
342 silly addNameRange     '2.1.3',
342 silly addNameRange     '2.1.4',
342 silly addNameRange     '2.1.5',
342 silly addNameRange     '2.2.0',
342 silly addNameRange     '2.2.1',
342 silly addNameRange     '2.2.2',
342 silly addNameRange     '2.2.3',
342 silly addNameRange     '2.2.4',
342 silly addNameRange     '2.2.5',
342 silly addNameRange     '2.2.6',
342 silly addNameRange     '2.2.7',
342 silly addNameRange     '2.2.8',
342 silly addNameRange     '2.2.9',
342 silly addNameRange     '2.2.10',
342 silly addNameRange     '2.2.11',
342 silly addNameRange     '2.3.0',
342 silly addNameRange     '2.3.1',
342 silly addNameRange     '2.3.2',
342 silly addNameRange     '2.3.3',
342 silly addNameRange     '2.3.4',
342 silly addNameRange     '2.3.5',
342 silly addNameRange     '2.3.6',
342 silly addNameRange     '3.0.0-rc.1',
342 silly addNameRange     '3.0.0-rc.2',
342 silly addNameRange     '3.0.0-rc.3',
342 silly addNameRange     '3.0.0',
342 silly addNameRange     '3.0.1',
342 silly addNameRange     '3.0.2',
342 silly addNameRange     '3.0.3',
342 silly addNameRange     '3.0.4',
342 silly addNameRange     '3.0.5',
342 silly addNameRange     '3.0.6',
342 silly addNameRange     '3.1.0',
342 silly addNameRange     '3.1.1',
342 silly addNameRange     '3.2.0',
342 silly addNameRange     '3.3.0',
342 silly addNameRange     '3.4.0',
342 silly addNameRange     '2.3.7',
342 silly addNameRange     '3.5.0' ] ]
343 silly addNamed readable-stream@3.5.0
344 verbose addNamed "3.5.0" is a plain semver version for readable-stream
345 silly cache afterAdd readable-stream@3.5.0
346 verbose afterAdd /home/dvnc/.npmrc/readable-stream/3.5.0/package/package.json not in flight; writing
347 verbose afterAdd /home/dvnc/.npmrc/readable-stream/3.5.0/package/package.json written
348 silly fetchNamedPackageData es-abstract
349 silly mapToRegistry name es-abstract
350 silly mapToRegistry using default registry
351 silly mapToRegistry registry https://registry.npmjs.org/
352 silly mapToRegistry uri https://registry.npmjs.org/es-abstract
353 silly fetchNamedPackageData es-get-iterator
354 silly mapToRegistry name es-get-iterator
355 silly mapToRegistry using default registry
356 silly mapToRegistry registry https://registry.npmjs.org/
357 silly mapToRegistry uri https://registry.npmjs.org/es-get-iterator
358 silly fetchNamedPackageData is-arguments
359 silly mapToRegistry name is-arguments
360 silly mapToRegistry using default registry
361 silly mapToRegistry registry https://registry.npmjs.org/
362 silly mapToRegistry uri https://registry.npmjs.org/is-arguments
363 silly fetchNamedPackageData is-date-object
364 silly mapToRegistry name is-date-object
365 silly mapToRegistry using default registry
366 silly mapToRegistry registry https://registry.npmjs.org/
367 silly mapToRegistry uri https://registry.npmjs.org/is-date-object
368 silly fetchNamedPackageData is-regex
369 silly mapToRegistry name is-regex
370 silly mapToRegistry using default registry
371 silly mapToRegistry registry https://registry.npmjs.org/
372 silly mapToRegistry uri https://registry.npmjs.org/is-regex
373 silly fetchNamedPackageData isarray
374 silly mapToRegistry name isarray
375 silly mapToRegistry using default registry
376 silly mapToRegistry registry https://registry.npmjs.org/
377 silly mapToRegistry uri https://registry.npmjs.org/isarray
378 silly fetchNamedPackageData object-is
379 silly mapToRegistry name object-is
380 silly mapToRegistry using default registry
381 silly mapToRegistry registry https://registry.npmjs.org/
382 silly mapToRegistry uri https://registry.npmjs.org/object-is
383 silly fetchNamedPackageData object-keys
384 silly mapToRegistry name object-keys
385 silly mapToRegistry using default registry
386 silly mapToRegistry registry https://registry.npmjs.org/
387 silly mapToRegistry uri https://registry.npmjs.org/object-keys
388 silly fetchNamedPackageData regexp.prototype.flags
389 silly mapToRegistry name regexp.prototype.flags
390 silly mapToRegistry using default registry
391 silly mapToRegistry registry https://registry.npmjs.org/
392 silly mapToRegistry uri https://registry.npmjs.org/regexp.prototype.flags
393 silly fetchNamedPackageData side-channel
394 silly mapToRegistry name side-channel
395 silly mapToRegistry using default registry
396 silly mapToRegistry registry https://registry.npmjs.org/
397 silly mapToRegistry uri https://registry.npmjs.org/side-channel
398 silly fetchNamedPackageData which-boxed-primitive
399 silly mapToRegistry name which-boxed-primitive
400 silly mapToRegistry using default registry
401 silly mapToRegistry registry https://registry.npmjs.org/
402 silly mapToRegistry uri https://registry.npmjs.org/which-boxed-primitive
403 silly fetchNamedPackageData which-collection
404 silly mapToRegistry name which-collection
405 silly mapToRegistry using default registry
406 silly mapToRegistry registry https://registry.npmjs.org/
407 silly mapToRegistry uri https://registry.npmjs.org/which-collection
408 verbose request uri https://registry.npmjs.org/es-get-iterator
409 verbose request no auth needed
410 info attempt registry request try #1 at 9:27:25 PM
411 verbose etag W/"0618ad32d3fced1d284a19de3437b155"
412 verbose lastModified Mon, 16 Dec 2019 21:01:20 GMT
413 http request GET https://registry.npmjs.org/es-get-iterator
414 verbose request uri https://registry.npmjs.org/is-arguments
415 verbose request no auth needed
416 info attempt registry request try #1 at 9:27:25 PM
417 verbose etag W/"5ad1c4477edd9d858eb905974804ace2"
418 verbose lastModified Tue, 12 Nov 2019 20:31:16 GMT
419 http request GET https://registry.npmjs.org/is-arguments
420 verbose request uri https://registry.npmjs.org/is-date-object
421 verbose request no auth needed
422 info attempt registry request try #1 at 9:27:25 PM
423 verbose etag W/"1aa47282e9c700ab53fa683bd9a8f639"
424 verbose lastModified Thu, 19 Dec 2019 04:18:23 GMT
425 http request GET https://registry.npmjs.org/is-date-object
426 verbose request uri https://registry.npmjs.org/is-regex
427 verbose request no auth needed
428 info attempt registry request try #1 at 9:27:25 PM
429 verbose etag W/"bed96261eebc1611dbc6c00e5bb07a4e"
430 verbose lastModified Sun, 15 Dec 2019 23:58:21 GMT
431 http request GET https://registry.npmjs.org/is-regex
432 verbose request uri https://registry.npmjs.org/isarray
433 verbose request no auth needed
434 info attempt registry request try #1 at 9:27:25 PM
435 verbose etag W/"f8d13869b081e2301428e8269cb470a1"
436 verbose lastModified Mon, 08 Jul 2019 13:21:26 GMT
437 http request GET https://registry.npmjs.org/isarray
438 verbose request uri https://registry.npmjs.org/object-is
439 verbose request no auth needed
440 info attempt registry request try #1 at 9:27:25 PM
441 verbose etag W/"dc5bf33e45189a7af2445a480c98055a"
442 verbose lastModified Mon, 16 Dec 2019 06:59:35 GMT
443 http request GET https://registry.npmjs.org/object-is
444 verbose request uri https://registry.npmjs.org/object-keys
445 verbose request no auth needed
446 info attempt registry request try #1 at 9:27:25 PM
447 verbose etag W/"362f4d8f4cfd30d6ba14c252a40bf968"
448 verbose lastModified Sat, 28 Sep 2019 07:49:01 GMT
449 http request GET https://registry.npmjs.org/object-keys
450 verbose request uri https://registry.npmjs.org/regexp.prototype.flags
451 verbose request no auth needed
452 info attempt registry request try #1 at 9:27:25 PM
453 verbose etag W/"2a6be4e9552e39d8db6d488c46bc6552"
454 verbose lastModified Sun, 15 Dec 2019 04:57:33 GMT
455 http request GET https://registry.npmjs.org/regexp.prototype.flags
456 verbose request uri https://registry.npmjs.org/side-channel
457 verbose request no auth needed
458 info attempt registry request try #1 at 9:27:25 PM
459 verbose etag W/"d185a43e520e5c884b60e6720924e0d6"
460 verbose lastModified Fri, 20 Dec 2019 19:45:49 GMT
461 http request GET https://registry.npmjs.org/side-channel
462 verbose request uri https://registry.npmjs.org/which-boxed-primitive
463 verbose request no auth needed
464 info attempt registry request try #1 at 9:27:25 PM
465 verbose etag W/"b70c0eb132b6d04a1c78521b0748a87b"
466 verbose lastModified Sun, 19 Jan 2020 08:54:44 GMT
467 http request GET https://registry.npmjs.org/which-boxed-primitive
468 verbose request uri https://registry.npmjs.org/which-collection
469 verbose request no auth needed
470 info attempt registry request try #1 at 9:27:25 PM
471 verbose etag W/"214d63e6e497b5c57d182cb63d955fcf"
472 verbose lastModified Sun, 19 Jan 2020 08:54:45 GMT
473 http request GET https://registry.npmjs.org/which-collection
474 verbose request uri https://registry.npmjs.org/es-abstract
475 verbose request no auth needed
476 info attempt registry request try #1 at 9:27:25 PM
477 verbose etag W/"fae6f3e2b7fcf9853056e3935cea67da"
478 verbose lastModified Tue, 21 Jan 2020 16:34:38 GMT
479 http request GET https://registry.npmjs.org/es-abstract
480 http 304 https://registry.npmjs.org/is-date-object
481 verbose headers { date: 'Sun, 26 Jan 2020 05:27:24 GMT',
481 verbose headers   connection: 'keep-alive',
481 verbose headers   'set-cookie':
481 verbose headers    [ '__cfduid=d037ef6dca4b1c376827851d59f627e581580016444; expires=Tue, 25-Feb-20 05:27:24 GMT; path=/; domain=.npmjs.org; HttpOnly; SameSite=Lax' ],
481 verbose headers   'cf-ray': '55b013dc2f0c76e0-LAX',
481 verbose headers   age: '434',
481 verbose headers   'cache-control': 'public, max-age=300',
481 verbose headers   etag: '"1aa47282e9c700ab53fa683bd9a8f639"',
481 verbose headers   'last-modified': 'Thu, 19 Dec 2019 04:18:23 GMT',
481 verbose headers   vary: 'Accept-Encoding',
481 verbose headers   'cf-cache-status': 'HIT',
481 verbose headers   'expect-ct': 'max-age=604800, report-uri="https://report-uri.cloudflare.com/cdn-cgi/beacon/expect-ct"',
481 verbose headers   server: 'cloudflare' }
482 silly get cb [ 304,
482 silly get   { date: 'Sun, 26 Jan 2020 05:27:24 GMT',
482 silly get     connection: 'keep-alive',
482 silly get     'set-cookie':
482 silly get      [ '__cfduid=d037ef6dca4b1c376827851d59f627e581580016444; expires=Tue, 25-Feb-20 05:27:24 GMT; path=/; domain=.npmjs.org; HttpOnly; SameSite=Lax' ],
482 silly get     'cf-ray': '55b013dc2f0c76e0-LAX',
482 silly get     age: '434',
482 silly get     'cache-control': 'public, max-age=300',
482 silly get     etag: '"1aa47282e9c700ab53fa683bd9a8f639"',
482 silly get     'last-modified': 'Thu, 19 Dec 2019 04:18:23 GMT',
482 silly get     vary: 'Accept-Encoding',
482 silly get     'cf-cache-status': 'HIT',
482 silly get     'expect-ct': 'max-age=604800, report-uri="https://report-uri.cloudflare.com/cdn-cgi/beacon/expect-ct"',
482 silly get     server: 'cloudflare' } ]
483 verbose etag https://registry.npmjs.org/is-date-object from cache
484 verbose get saving is-date-object to /home/dvnc/.npmrc/registry.npmjs.org/is-date-object/.cache.json
485 silly resolveWithNewModule is-date-object@1.0.2 checking installable status
486 silly cache add args [ 'is-date-object@^1.0.1', null ]
487 verbose cache add spec is-date-object@^1.0.1
488 silly cache add parsed spec Result {
488 silly cache add   raw: 'is-date-object@^1.0.1',
488 silly cache add   scope: null,
488 silly cache add   name: 'is-date-object',
488 silly cache add   rawSpec: '^1.0.1',
488 silly cache add   spec: '>=1.0.1 <2.0.0',
488 silly cache add   type: 'range' }
489 silly addNamed is-date-object@>=1.0.1 <2.0.0
490 verbose addNamed ">=1.0.1 <2.0.0" is a valid semver range for is-date-object
491 silly addNameRange { name: 'is-date-object',
491 silly addNameRange   range: '>=1.0.1 <2.0.0',
491 silly addNameRange   hasData: false }
492 silly mapToRegistry name is-date-object
493 silly mapToRegistry using default registry
494 silly mapToRegistry registry https://registry.npmjs.org/
495 silly mapToRegistry uri https://registry.npmjs.org/is-date-object
496 verbose addNameRange registry:https://registry.npmjs.org/is-date-object not in flight; fetching
497 verbose get https://registry.npmjs.org/is-date-object not expired, no request
498 silly addNameRange number 2 { name: 'is-date-object',
498 silly addNameRange   range: '>=1.0.1 <2.0.0',
498 silly addNameRange   hasData: true }
499 silly addNameRange versions [ 'is-date-object', [ '1.0.0', '1.0.1', '1.0.2' ] ]
500 silly addNamed is-date-object@1.0.2
501 verbose addNamed "1.0.2" is a plain semver version for is-date-object
502 silly cache afterAdd is-date-object@1.0.2
503 verbose afterAdd /home/dvnc/.npmrc/is-date-object/1.0.2/package/package.json not in flight; writing
504 verbose afterAdd /home/dvnc/.npmrc/is-date-object/1.0.2/package/package.json written
505 http 304 https://registry.npmjs.org/es-get-iterator
506 verbose headers { date: 'Sun, 26 Jan 2020 05:27:24 GMT',
506 verbose headers   connection: 'keep-alive',
506 verbose headers   'set-cookie':
506 verbose headers    [ '__cfduid=d69fabb65f2bcabef09c2765d7e60fafb1580016444; expires=Tue, 25-Feb-20 05:27:24 GMT; path=/; domain=.npmjs.org; HttpOnly; SameSite=Lax' ],
506 verbose headers   'cf-ray': '55b013dc3a87e4d9-LAX',
506 verbose headers   age: '3148',
506 verbose headers   'cache-control': 'public, max-age=300',
506 verbose headers   etag: '"0618ad32d3fced1d284a19de3437b155"',
506 verbose headers   'last-modified': 'Mon, 16 Dec 2019 21:01:20 GMT',
506 verbose headers   vary: 'Accept-Encoding',
506 verbose headers   'cf-cache-status': 'HIT',
506 verbose headers   'expect-ct': 'max-age=604800, report-uri="https://report-uri.cloudflare.com/cdn-cgi/beacon/expect-ct"',
506 verbose headers   server: 'cloudflare' }
507 silly get cb [ 304,
507 silly get   { date: 'Sun, 26 Jan 2020 05:27:24 GMT',
507 silly get     connection: 'keep-alive',
507 silly get     'set-cookie':
507 silly get      [ '__cfduid=d69fabb65f2bcabef09c2765d7e60fafb1580016444; expires=Tue, 25-Feb-20 05:27:24 GMT; path=/; domain=.npmjs.org; HttpOnly; SameSite=Lax' ],
507 silly get     'cf-ray': '55b013dc3a87e4d9-LAX',
507 silly get     age: '3148',
507 silly get     'cache-control': 'public, max-age=300',
507 silly get     etag: '"0618ad32d3fced1d284a19de3437b155"',
507 silly get     'last-modified': 'Mon, 16 Dec 2019 21:01:20 GMT',
507 silly get     vary: 'Accept-Encoding',
507 silly get     'cf-cache-status': 'HIT',
507 silly get     'expect-ct': 'max-age=604800, report-uri="https://report-uri.cloudflare.com/cdn-cgi/beacon/expect-ct"',
507 silly get     server: 'cloudflare' } ]
508 verbose etag https://registry.npmjs.org/es-get-iterator from cache
509 verbose get saving es-get-iterator to /home/dvnc/.npmrc/registry.npmjs.org/es-get-iterator/.cache.json
510 http 304 https://registry.npmjs.org/isarray
511 verbose headers { date: 'Sun, 26 Jan 2020 05:27:24 GMT',
511 verbose headers   connection: 'keep-alive',
511 verbose headers   'set-cookie':
511 verbose headers    [ '__cfduid=d5101256c8dd641e7d16df4facac449151580016444; expires=Tue, 25-Feb-20 05:27:24 GMT; path=/; domain=.npmjs.org; HttpOnly; SameSite=Lax' ],
511 verbose headers   'cf-ray': '55b013dc3dd3eef6-LAX',
511 verbose headers   age: '6645',
511 verbose headers   'cache-control': 'public, max-age=300',
511 verbose headers   etag: '"f8d13869b081e2301428e8269cb470a1"',
511 verbose headers   'last-modified': 'Mon, 08 Jul 2019 13:21:26 GMT',
511 verbose headers   vary: 'Accept-Encoding',
511 verbose headers   'cf-cache-status': 'HIT',
511 verbose headers   'expect-ct': 'max-age=604800, report-uri="https://report-uri.cloudflare.com/cdn-cgi/beacon/expect-ct"',
511 verbose headers   server: 'cloudflare' }
512 silly get cb [ 304,
512 silly get   { date: 'Sun, 26 Jan 2020 05:27:24 GMT',
512 silly get     connection: 'keep-alive',
512 silly get     'set-cookie':
512 silly get      [ '__cfduid=d5101256c8dd641e7d16df4facac449151580016444; expires=Tue, 25-Feb-20 05:27:24 GMT; path=/; domain=.npmjs.org; HttpOnly; SameSite=Lax' ],
512 silly get     'cf-ray': '55b013dc3dd3eef6-LAX',
512 silly get     age: '6645',
512 silly get     'cache-control': 'public, max-age=300',
512 silly get     etag: '"f8d13869b081e2301428e8269cb470a1"',
512 silly get     'last-modified': 'Mon, 08 Jul 2019 13:21:26 GMT',
512 silly get     vary: 'Accept-Encoding',
512 silly get     'cf-cache-status': 'HIT',
512 silly get     'expect-ct': 'max-age=604800, report-uri="https://report-uri.cloudflare.com/cdn-cgi/beacon/expect-ct"',
512 silly get     server: 'cloudflare' } ]
513 verbose etag https://registry.npmjs.org/isarray from cache
514 verbose get saving isarray to /home/dvnc/.npmrc/registry.npmjs.org/isarray/.cache.json
515 http 304 https://registry.npmjs.org/is-arguments
516 verbose headers { date: 'Sun, 26 Jan 2020 05:27:24 GMT',
516 verbose headers   connection: 'keep-alive',
516 verbose headers   'set-cookie':
516 verbose headers    [ '__cfduid=dad68b2c98e1826f5534f72830e794a091580016444; expires=Tue, 25-Feb-20 05:27:24 GMT; path=/; domain=.npmjs.org; HttpOnly; SameSite=Lax' ],
516 verbose headers   'cf-ray': '55b013dc3d3c993b-LAX',
516 verbose headers   age: '3315',
516 verbose headers   'cache-control': 'public, max-age=300',
516 verbose headers   etag: '"5ad1c4477edd9d858eb905974804ace2"',
516 verbose headers   'last-modified': 'Tue, 12 Nov 2019 20:31:16 GMT',
516 verbose headers   vary: 'Accept-Encoding',
516 verbose headers   'cf-cache-status': 'HIT',
516 verbose headers   'expect-ct': 'max-age=604800, report-uri="https://report-uri.cloudflare.com/cdn-cgi/beacon/expect-ct"',
516 verbose headers   server: 'cloudflare' }
517 silly get cb [ 304,
517 silly get   { date: 'Sun, 26 Jan 2020 05:27:24 GMT',
517 silly get     connection: 'keep-alive',
517 silly get     'set-cookie':
517 silly get      [ '__cfduid=dad68b2c98e1826f5534f72830e794a091580016444; expires=Tue, 25-Feb-20 05:27:24 GMT; path=/; domain=.npmjs.org; HttpOnly; SameSite=Lax' ],
517 silly get     'cf-ray': '55b013dc3d3c993b-LAX',
517 silly get     age: '3315',
517 silly get     'cache-control': 'public, max-age=300',
517 silly get     etag: '"5ad1c4477edd9d858eb905974804ace2"',
517 silly get     'last-modified': 'Tue, 12 Nov 2019 20:31:16 GMT',
517 silly get     vary: 'Accept-Encoding',
517 silly get     'cf-cache-status': 'HIT',
517 silly get     'expect-ct': 'max-age=604800, report-uri="https://report-uri.cloudflare.com/cdn-cgi/beacon/expect-ct"',
517 silly get     server: 'cloudflare' } ]
518 verbose etag https://registry.npmjs.org/is-arguments from cache
519 verbose get saving is-arguments to /home/dvnc/.npmrc/registry.npmjs.org/is-arguments/.cache.json
520 silly resolveWithNewModule isarray@2.0.5 checking installable status
521 silly cache add args [ 'isarray@^2.0.5', null ]
522 verbose cache add spec isarray@^2.0.5
523 silly cache add parsed spec Result {
523 silly cache add   raw: 'isarray@^2.0.5',
523 silly cache add   scope: null,
523 silly cache add   name: 'isarray',
523 silly cache add   rawSpec: '^2.0.5',
523 silly cache add   spec: '>=2.0.5 <3.0.0',
523 silly cache add   type: 'range' }
524 silly addNamed isarray@>=2.0.5 <3.0.0
525 verbose addNamed ">=2.0.5 <3.0.0" is a valid semver range for isarray
526 silly addNameRange { name: 'isarray', range: '>=2.0.5 <3.0.0', hasData: false }
527 silly mapToRegistry name isarray
528 silly mapToRegistry using default registry
529 silly mapToRegistry registry https://registry.npmjs.org/
530 silly mapToRegistry uri https://registry.npmjs.org/isarray
531 verbose addNameRange registry:https://registry.npmjs.org/isarray not in flight; fetching
532 verbose stack Error: Missing required argument #1
532 verbose stack     at andLogAndFinish (/usr/share/npm/lib/fetch-package-metadata.js:31:3)
532 verbose stack     at fetchPackageMetadata (/usr/share/npm/lib/fetch-package-metadata.js:51:22)
532 verbose stack     at resolveWithNewModule (/usr/share/npm/lib/install/deps.js:456:12)
532 verbose stack     at /usr/share/npm/lib/install/deps.js:457:7
532 verbose stack     at /usr/share/npm/node_modules/iferr/index.js:13:50
532 verbose stack     at /usr/share/npm/lib/fetch-package-metadata.js:37:12
532 verbose stack     at addRequestedAndFinish (/usr/share/npm/lib/fetch-package-metadata.js:82:5)
532 verbose stack     at returnAndAddMetadata (/usr/share/npm/lib/fetch-package-metadata.js:117:7)
532 verbose stack     at pickVersionFromRegistryDocument (/usr/share/npm/lib/fetch-package-metadata.js:134:20)
532 verbose stack     at /usr/share/npm/node_modules/iferr/index.js:13:50
533 verbose cwd /home/dvnc/VSCodeProjects/waterly/server
534 error Linux 5.0.0-37-generic
535 error argv "/usr/bin/node" "/usr/bin/npm" "i"
536 error node v8.10.0
537 error npm  v3.5.2
538 error code EMISSINGARG
539 error typeerror Error: Missing required argument #1
539 error typeerror     at andLogAndFinish (/usr/share/npm/lib/fetch-package-metadata.js:31:3)
539 error typeerror     at fetchPackageMetadata (/usr/share/npm/lib/fetch-package-metadata.js:51:22)
539 error typeerror     at resolveWithNewModule (/usr/share/npm/lib/install/deps.js:456:12)
539 error typeerror     at /usr/share/npm/lib/install/deps.js:457:7
539 error typeerror     at /usr/share/npm/node_modules/iferr/index.js:13:50
539 error typeerror     at /usr/share/npm/lib/fetch-package-metadata.js:37:12
539 error typeerror     at addRequestedAndFinish (/usr/share/npm/lib/fetch-package-metadata.js:82:5)
539 error typeerror     at returnAndAddMetadata (/usr/share/npm/lib/fetch-package-metadata.js:117:7)
539 error typeerror     at pickVersionFromRegistryDocument (/usr/share/npm/lib/fetch-package-metadata.js:134:20)
539 error typeerror     at /usr/share/npm/node_modules/iferr/index.js:13:50
540 error typeerror This is an error with npm itself. Please report this error at:
540 error typeerror     <http://github.com/npm/npm/issues>
541 verbose exit [ 1, true ]
